# JRE version: OpenJDK Runtime Environment (11.0.9.1+1) (build 11.0.9.1+1-Ubuntu-0ubuntu1.20.04)
# Java VM: OpenJDK 64-Bit Server VM (11.0.9.1+1-Ubuntu-0ubuntu1.20.04, mixed mode, sharing, tiered, compressed oops, serial gc, linux-amd64)
Heap:
 def new generation   total 12672K, used 11248K [0x00000000e0e00000, 0x00000000e1bb0000, 0x00000000eb400000)
  eden space 11328K,  96% used [0x00000000e0e00000, 0x00000000e18b30e0, 0x00000000e1910000)
  from space 1344K,  21% used [0x00000000e1a60000, 0x00000000e1aa9128, 0x00000000e1bb0000)
  to   space 1344K,   0% used [0x00000000e1910000, 0x00000000e1910000, 0x00000000e1a60000)
 tenured generation   total 27924K, used 16752K [0x00000000eb400000, 0x00000000ecf45000, 0x0000000100000000)
   the space 27924K,  59% used [0x00000000eb400000, 0x00000000ec45c1a0, 0x00000000ec45c200, 0x00000000ecf45000)
 Metaspace       used 36353K, capacity 36848K, committed 37416K, reserved 1081344K
  class space    used 4406K, capacity 4594K, committed 4656K, reserved 1048576K
GC Heap History (20 events):
Event: 21,647 GC heap before
{Heap before GC invocations=40 (full 1):
 def new generation   total 9920K, used 9919K [0x00000000e0e00000, 0x00000000e18c0000, 0x00000000eb400000)
  eden space 8832K, 100% used [0x00000000e0e00000, 0x00000000e16a0000, 0x00000000e16a0000)
  from space 1088K,  99% used [0x00000000e17b0000, 0x00000000e18bfff8, 0x00000000e18c0000)
  to   space 1088K,   0% used [0x00000000e16a0000, 0x00000000e16a0000, 0x00000000e17b0000)
 tenured generation   total 21888K, used 13617K [0x00000000eb400000, 0x00000000ec960000, 0x0000000100000000)
   the space 21888K,  62% used [0x00000000eb400000, 0x00000000ec14c6e0, 0x00000000ec14c800, 0x00000000ec960000)
 Metaspace       used 29743K, capacity 30289K, committed 30768K, reserved 1077248K
  class space    used 3632K, capacity 3840K, committed 3888K, reserved 1048576K
}
Event: 21,651 GC heap after
{Heap after GC invocations=41 (full 1):
 def new generation   total 9920K, used 287K [0x00000000e0e00000, 0x00000000e18c0000, 0x00000000eb400000)
  eden space 8832K,   0% used [0x00000000e0e00000, 0x00000000e0e00000, 0x00000000e16a0000)
  from space 1088K,  26% used [0x00000000e16a0000, 0x00000000e16e7db8, 0x00000000e17b0000)
  to   space 1088K,   0% used [0x00000000e17b0000, 0x00000000e17b0000, 0x00000000e18c0000)
 tenured generation   total 21888K, used 14704K [0x00000000eb400000, 0x00000000ec960000, 0x0000000100000000)
   the space 21888K,  67% used [0x00000000eb400000, 0x00000000ec25c100, 0x00000000ec25c200, 0x00000000ec960000)
 Metaspace       used 29743K, capacity 30289K, committed 30768K, reserved 1077248K
  class space    used 3632K, capacity 3840K, committed 3888K, reserved 1048576K
}
Event: 22,173 GC heap before
{Heap before GC invocations=41 (full 1):
 def new generation   total 9920K, used 9119K [0x00000000e0e00000, 0x00000000e18c0000, 0x00000000eb400000)
  eden space 8832K, 100% used [0x00000000e0e00000, 0x00000000e16a0000, 0x00000000e16a0000)
  from space 1088K,  26% used [0x00000000e16a0000, 0x00000000e16e7db8, 0x00000000e17b0000)
  to   space 1088K,   0% used [0x00000000e17b0000, 0x00000000e17b0000, 0x00000000e18c0000)
 tenured generation   total 21888K, used 14704K [0x00000000eb400000, 0x00000000ec960000, 0x0000000100000000)
   the space 21888K,  67% used [0x00000000eb400000, 0x00000000ec25c100, 0x00000000ec25c200, 0x00000000ec960000)
 Metaspace       used 30414K, capacity 30944K, committed 31408K, reserved 1077248K
  class space    used 3697K, capacity 3909K, committed 4016K, reserved 1048576K
}
Event: 22,177 GC heap after
{Heap after GC invocations=42 (full 1):
 def new generation   total 9920K, used 628K [0x00000000e0e00000, 0x00000000e18c0000, 0x00000000eb400000)
  eden space 8832K,   0% used [0x00000000e0e00000, 0x00000000e0e00000, 0x00000000e16a0000)
  from space 1088K,  57% used [0x00000000e17b0000, 0x00000000e184d260, 0x00000000e18c0000)
  to   space 1088K,   0% used [0x00000000e16a0000, 0x00000000e16a0000, 0x00000000e17b0000)
 tenured generation   total 21888K, used 14704K [0x00000000eb400000, 0x00000000ec960000, 0x0000000100000000)
   the space 21888K,  67% used [0x00000000eb400000, 0x00000000ec25c100, 0x00000000ec25c200, 0x00000000ec960000)
 Metaspace       used 30414K, capacity 30944K, committed 31408K, reserved 1077248K
  class space    used 3697K, capacity 3909K, committed 4016K, reserved 1048576K
}
Event: 22,434 GC heap before
{Heap before GC invocations=42 (full 1):
 def new generation   total 9920K, used 9460K [0x00000000e0e00000, 0x00000000e18c0000, 0x00000000eb400000)
  eden space 8832K, 100% used [0x00000000e0e00000, 0x00000000e16a0000, 0x00000000e16a0000)
  from space 1088K,  57% used [0x00000000e17b0000, 0x00000000e184d260, 0x00000000e18c0000)
  to   space 1088K,   0% used [0x00000000e16a0000, 0x00000000e16a0000, 0x00000000e17b0000)
 tenured generation   total 21888K, used 14704K [0x00000000eb400000, 0x00000000ec960000, 0x0000000100000000)
   the space 21888K,  67% used [0x00000000eb400000, 0x00000000ec25c100, 0x00000000ec25c200, 0x00000000ec960000)
 Metaspace       used 30912K, capacity 31456K, committed 31920K, reserved 1077248K
  class space    used 3781K, capacity 3973K, committed 4016K, reserved 1048576K
}
Event: 22,438 GC heap after
{Heap after GC invocations=43 (full 1):
 def new generation   total 9920K, used 543K [0x00000000e0e00000, 0x00000000e18c0000, 0x00000000eb400000)
  eden space 8832K,   0% used [0x00000000e0e00000, 0x00000000e0e00000, 0x00000000e16a0000)
  from space 1088K,  49% used [0x00000000e16a0000, 0x00000000e1727db0, 0x00000000e17b0000)
  to   space 1088K,   0% used [0x00000000e17b0000, 0x00000000e17b0000, 0x00000000e18c0000)
 tenured generation   total 21888K, used 14822K [0x00000000eb400000, 0x00000000ec960000, 0x0000000100000000)
   the space 21888K,  67% used [0x00000000eb400000, 0x00000000ec2798a0, 0x00000000ec279a00, 0x00000000ec960000)
 Metaspace       used 30912K, capacity 31456K, committed 31920K, reserved 1077248K
  class space    used 3781K, capacity 3973K, committed 4016K, reserved 1048576K
}
Event: 22,740 GC heap before
{Heap before GC invocations=43 (full 1):
 def new generation   total 9920K, used 9375K [0x00000000e0e00000, 0x00000000e18c0000, 0x00000000eb400000)
  eden space 8832K, 100% used [0x00000000e0e00000, 0x00000000e16a0000, 0x00000000e16a0000)
  from space 1088K,  49% used [0x00000000e16a0000, 0x00000000e1727db0, 0x00000000e17b0000)
  to   space 1088K,   0% used [0x00000000e17b0000, 0x00000000e17b0000, 0x00000000e18c0000)
 tenured generation   total 21888K, used 14822K [0x00000000eb400000, 0x00000000ec960000, 0x0000000100000000)
   the space 21888K,  67% used [0x00000000eb400000, 0x00000000ec2798a0, 0x00000000ec279a00, 0x00000000ec960000)
 Metaspace       used 31266K, capacity 31776K, committed 32304K, reserved 1077248K
  class space    used 3837K, capacity 4037K, committed 4144K, reserved 1048576K
}
Event: 22,744 GC heap after
{Heap after GC invocations=44 (full 1):
 def new generation   total 9920K, used 773K [0x00000000e0e00000, 0x00000000e18c0000, 0x00000000eb400000)
  eden space 8832K,   0% used [0x00000000e0e00000, 0x00000000e0e00000, 0x00000000e16a0000)
  from space 1088K,  71% used [0x00000000e17b0000, 0x00000000e1871448, 0x00000000e18c0000)
  to   space 1088K,   0% used [0x00000000e16a0000, 0x00000000e16a0000, 0x00000000e17b0000)
 tenured generation   total 21888K, used 14822K [0x00000000eb400000, 0x00000000ec960000, 0x0000000100000000)
   the space 21888K,  67% used [0x00000000eb400000, 0x00000000ec2798a0, 0x00000000ec279a00, 0x00000000ec960000)
 Metaspace       used 31266K, capacity 31776K, committed 32304K, reserved 1077248K
  class space    used 3837K, capacity 4037K, committed 4144K, reserved 1048576K
}
Event: 23,259 GC heap before
{Heap before GC invocations=44 (full 1):
 def new generation   total 9920K, used 9605K [0x00000000e0e00000, 0x00000000e18c0000, 0x00000000eb400000)
  eden space 8832K, 100% used [0x00000000e0e00000, 0x00000000e16a0000, 0x00000000e16a0000)
  from space 1088K,  71% used [0x00000000e17b0000, 0x00000000e1871448, 0x00000000e18c0000)
  to   space 1088K,   0% used [0x00000000e16a0000, 0x00000000e16a0000, 0x00000000e17b0000)
 tenured generation   total 21888K, used 14822K [0x00000000eb400000, 0x00000000ec960000, 0x0000000100000000)
   the space 21888K,  67% used [0x00000000eb400000, 0x00000000ec2798a0, 0x00000000ec279a00, 0x00000000ec960000)
 Metaspace       used 31579K, capacity 32076K, committed 32560K, reserved 1077248K
  class space    used 3877K, capacity 4071K, committed 4144K, reserved 1048576K
}
Event: 23,269 GC heap after
{Heap after GC invocations=45 (full 1):
 def new generation   total 9920K, used 598K [0x00000000e0e00000, 0x00000000e18c0000, 0x00000000eb400000)
  eden space 8832K,   0% used [0x00000000e0e00000, 0x00000000e0e00000, 0x00000000e16a0000)
  from space 1088K,  55% used [0x00000000e16a0000, 0x00000000e1735bd0, 0x00000000e17b0000)
  to   space 1088K,   0% used [0x00000000e17b0000, 0x00000000e17b0000, 0x00000000e18c0000)
 tenured generation   total 21888K, used 15298K [0x00000000eb400000, 0x00000000ec960000, 0x0000000100000000)
   the space 21888K,  69% used [0x00000000eb400000, 0x00000000ec2f0ad8, 0x00000000ec2f0c00, 0x00000000ec960000)
 Metaspace       used 31579K, capacity 32076K, committed 32560K, reserved 1077248K
  class space    used 3877K, capacity 4071K, committed 4144K, reserved 1048576K
}
Event: 24,216 GC heap before
{Heap before GC invocations=45 (full 1):
 def new generation   total 9920K, used 9430K [0x00000000e0e00000, 0x00000000e18c0000, 0x00000000eb400000)
  eden space 8832K, 100% used [0x00000000e0e00000, 0x00000000e16a0000, 0x00000000e16a0000)
  from space 1088K,  55% used [0x00000000e16a0000, 0x00000000e1735bd0, 0x00000000e17b0000)
  to   space 1088K,   0% used [0x00000000e17b0000, 0x00000000e17b0000, 0x00000000e18c0000)
 tenured generation   total 21888K, used 15298K [0x00000000eb400000, 0x00000000ec960000, 0x0000000100000000)
   the space 21888K,  69% used [0x00000000eb400000, 0x00000000ec2f0ad8, 0x00000000ec2f0c00, 0x00000000ec960000)
 Metaspace       used 33215K, capacity 33735K, committed 34224K, reserved 1079296K
  class space    used 4050K, capacity 4240K, committed 4272K, reserved 1048576K
}
Event: 24,223 GC heap after
{Heap after GC invocations=46 (full 1):
 def new generation   total 9920K, used 784K [0x00000000e0e00000, 0x00000000e18c0000, 0x00000000eb400000)
  eden space 8832K,   0% used [0x00000000e0e00000, 0x00000000e0e00000, 0x00000000e16a0000)
  from space 1088K,  72% used [0x00000000e17b0000, 0x00000000e1874370, 0x00000000e18c0000)
  to   space 1088K,   0% used [0x00000000e16a0000, 0x00000000e16a0000, 0x00000000e17b0000)
 tenured generation   total 21888K, used 15364K [0x00000000eb400000, 0x00000000ec960000, 0x0000000100000000)
   the space 21888K,  70% used [0x00000000eb400000, 0x00000000ec3013f8, 0x00000000ec301400, 0x00000000ec960000)
 Metaspace       used 33215K, capacity 33735K, committed 34224K, reserved 1079296K
  class space    used 4050K, capacity 4240K, committed 4272K, reserved 1048576K
}
Event: 24,587 GC heap before
{Heap before GC invocations=46 (full 1):
 def new generation   total 9920K, used 9616K [0x00000000e0e00000, 0x00000000e18c0000, 0x00000000eb400000)
  eden space 8832K, 100% used [0x00000000e0e00000, 0x00000000e16a0000, 0x00000000e16a0000)
  from space 1088K,  72% used [0x00000000e17b0000, 0x00000000e1874370, 0x00000000e18c0000)
  to   space 1088K,   0% used [0x00000000e16a0000, 0x00000000e16a0000, 0x00000000e17b0000)
 tenured generation   total 21888K, used 15364K [0x00000000eb400000, 0x00000000ec960000, 0x0000000100000000)
   the space 21888K,  70% used [0x00000000eb400000, 0x00000000ec3013f8, 0x00000000ec301400, 0x00000000ec960000)
 Metaspace       used 33702K, capacity 34282K, committed 34864K, reserved 1079296K
  class space    used 4127K, capacity 4337K, committed 4400K, reserved 1048576K
}
Event: 24,603 GC heap after
{Heap after GC invocations=47 (full 1):
 def new generation   total 9920K, used 457K [0x00000000e0e00000, 0x00000000e18c0000, 0x00000000eb400000)
  eden space 8832K,   0% used [0x00000000e0e00000, 0x00000000e0e00000, 0x00000000e16a0000)
  from space 1088K,  42% used [0x00000000e16a0000, 0x00000000e1712560, 0x00000000e17b0000)
  to   space 1088K,   0% used [0x00000000e17b0000, 0x00000000e17b0000, 0x00000000e18c0000)
 tenured generation   total 21888K, used 15872K [0x00000000eb400000, 0x00000000ec960000, 0x0000000100000000)
   the space 21888K,  72% used [0x00000000eb400000, 0x00000000ec380030, 0x00000000ec380200, 0x00000000ec960000)
 Metaspace       used 33702K, capacity 34282K, committed 34864K, reserved 1079296K
  class space    used 4127K, capacity 4337K, committed 4400K, reserved 1048576K
}
Event: 24,910 GC heap before
{Heap before GC invocations=47 (full 1):
 def new generation   total 9920K, used 9289K [0x00000000e0e00000, 0x00000000e18c0000, 0x00000000eb400000)
  eden space 8832K, 100% used [0x00000000e0e00000, 0x00000000e16a0000, 0x00000000e16a0000)
  from space 1088K,  42% used [0x00000000e16a0000, 0x00000000e1712560, 0x00000000e17b0000)
  to   space 1088K,   0% used [0x00000000e17b0000, 0x00000000e17b0000, 0x00000000e18c0000)
 tenured generation   total 21888K, used 15872K [0x00000000eb400000, 0x00000000ec960000, 0x0000000100000000)
   the space 21888K,  72% used [0x00000000eb400000, 0x00000000ec380030, 0x00000000ec380200, 0x00000000ec960000)
 Metaspace       used 34335K, capacity 34858K, committed 35496K, reserved 1081344K
  class space    used 4208K, capacity 4401K, committed 4528K, reserved 1048576K
}
Event: 24,915 GC heap after
{Heap after GC invocations=48 (full 1):
 def new generation   total 9920K, used 660K [0x00000000e0e00000, 0x00000000e18c0000, 0x00000000eb400000)
  eden space 8832K,   0% used [0x00000000e0e00000, 0x00000000e0e00000, 0x00000000e16a0000)
  from space 1088K,  60% used [0x00000000e17b0000, 0x00000000e1855100, 0x00000000e18c0000)
  to   space 1088K,   0% used [0x00000000e16a0000, 0x00000000e16a0000, 0x00000000e17b0000)
 tenured generation   total 21888K, used 15872K [0x00000000eb400000, 0x00000000ec960000, 0x0000000100000000)
   the space 21888K,  72% used [0x00000000eb400000, 0x00000000ec380030, 0x00000000ec380200, 0x00000000ec960000)
 Metaspace       used 34335K, capacity 34858K, committed 35496K, reserved 1081344K
  class space    used 4208K, capacity 4401K, committed 4528K, reserved 1048576K
}
Event: 24,962 GC heap before
{Heap before GC invocations=48 (full 1):
 def new generation   total 9920K, used 3328K [0x00000000e0e00000, 0x00000000e18c0000, 0x00000000eb400000)
  eden space 8832K,  30% used [0x00000000e0e00000, 0x00000000e109b250, 0x00000000e16a0000)
  from space 1088K,  60% used [0x00000000e17b0000, 0x00000000e1855100, 0x00000000e18c0000)
  to   space 1088K,   0% used [0x00000000e16a0000, 0x00000000e16a0000, 0x00000000e17b0000)
 tenured generation   total 21888K, used 15872K [0x00000000eb400000, 0x00000000ec960000, 0x0000000100000000)
   the space 21888K,  72% used [0x00000000eb400000, 0x00000000ec380030, 0x00000000ec380200, 0x00000000ec960000)
 Metaspace       used 34526K, capacity 34992K, committed 35496K, reserved 1081344K
  class space    used 4217K, capacity 4402K, committed 4528K, reserved 1048576K
}
Event: 25,134 GC heap after
{Heap after GC invocations=49 (full 2):
 def new generation   total 12672K, used 0K [0x00000000e0e00000, 0x00000000e1bb0000, 0x00000000eb400000)
  eden space 11328K,   0% used [0x00000000e0e00000, 0x00000000e0e00000, 0x00000000e1910000)
  from space 1344K,   0% used [0x00000000e1910000, 0x00000000e1910000, 0x00000000e1a60000)
  to   space 1344K,   0% used [0x00000000e1a60000, 0x00000000e1a60000, 0x00000000e1bb0000)
 tenured generation   total 27924K, used 16752K [0x00000000eb400000, 0x00000000ecf45000, 0x0000000100000000)
   the space 27924K,  59% used [0x00000000eb400000, 0x00000000ec45c1a0, 0x00000000ec45c200, 0x00000000ecf45000)
 Metaspace       used 34526K, capacity 34992K, committed 35496K, reserved 1081344K
  class space    used 4217K, capacity 4402K, committed 4528K, reserved 1048576K
}
Event: 25,653 GC heap before
{Heap before GC invocations=49 (full 2):
 def new generation   total 12672K, used 11328K [0x00000000e0e00000, 0x00000000e1bb0000, 0x00000000eb400000)
  eden space 11328K, 100% used [0x00000000e0e00000, 0x00000000e1910000, 0x00000000e1910000)
  from space 1344K,   0% used [0x00000000e1910000, 0x00000000e1910000, 0x00000000e1a60000)
  to   space 1344K,   0% used [0x00000000e1a60000, 0x00000000e1a60000, 0x00000000e1bb0000)
 tenured generation   total 27924K, used 16752K [0x00000000eb400000, 0x00000000ecf45000, 0x0000000100000000)
   the space 27924K,  59% used [0x00000000eb400000, 0x00000000ec45c1a0, 0x00000000ec45c200, 0x00000000ecf45000)
 Metaspace       used 35311K, capacity 35856K, committed 36264K, reserved 1081344K
  class space    used 4307K, capacity 4498K, committed 4528K, reserved 1048576K
}
Event: 25,656 GC heap after
{Heap after GC invocations=50 (full 2):
 def new generation   total 12672K, used 292K [0x00000000e0e00000, 0x00000000e1bb0000, 0x00000000eb400000)
  eden space 11328K,   0% used [0x00000000e0e00000, 0x00000000e0e00000, 0x00000000e1910000)
  from space 1344K,  21% used [0x00000000e1a60000, 0x00000000e1aa9128, 0x00000000e1bb0000)
  to   space 1344K,   0% used [0x00000000e1910000, 0x00000000e1910000, 0x00000000e1a60000)
 tenured generation   total 27924K, used 16752K [0x00000000eb400000, 0x00000000ecf45000, 0x0000000100000000)
   the space 27924K,  59% used [0x00000000eb400000, 0x00000000ec45c1a0, 0x00000000ec45c200, 0x00000000ecf45000)
 Metaspace       used 35311K, capacity 35856K, committed 36264K, reserved 1081344K
  class space    used 4307K, capacity 4498K, committed 4528K, reserved 1048576K
}

